2023-10-20 15:06:27.660758,0.0,56469240,0,44.1,83.1
2023-10-20 15:06:28.679357,9.5,56469472,0,44.2,83.1
2023-10-20 15:06:29.700011,6.8,56469711,0,44.2,83.1
2023-10-20 15:06:30.728131,8.4,56469832,0,44.2,83.1
2023-10-20 15:06:31.746950,10.3,56469832,0,44.2,83.1
2023-10-20 15:06:32.763017,9.3,56470074,0,44.1,83.1
2023-10-20 15:06:33.777909,7.7,56470074,0,44.1,83.1
2023-10-20 15:06:34.800285,12.3,56470074,0,44.3,83.1
2023-10-20 15:06:35.816153,4.6,56470506,0,44.5,83.1
2023-10-20 15:06:36.834336,5.0,56470843,0,44.5,83.1
2023-10-20 15:06:37.848510,7.6,56471384,0,44.6,83.1
2023-10-20 15:06:38.870474,13.1,56471600,0,44.4,83.1
2023-10-20 15:06:39.885386,8.5,56471816,0,44.5,83.1
2023-10-20 15:06:40.902917,4.8,56472032,0,44.5,83.1
2023-10-20 15:06:41.921318,5.8,56472032,0,44.5,83.1
2023-10-20 15:06:42.936893,5.5,56472032,0,44.3,83.1
2023-10-20 15:06:43.954958,7.0,56472222,0,44.5,83.1
2023-10-20 15:06:44.976001,7.4,56472412,0,44.5,83.1
2023-10-20 15:06:45.992788,5.5,56472412,0,44.5,83.1
2023-10-20 15:06:47.009578,6.5,56472853,0,44.5,83.1
2023-10-20 15:06:48.024184,6.9,56472853,0,44.5,83.1
2023-10-20 15:06:49.040816,7.0,56472853,0,44.6,83.1
2023-10-20 15:06:50.061631,7.4,56472974,0,44.6,83.1
2023-10-20 15:06:51.077544,7.1,56472974,0,44.6,83.1
2023-10-20 15:06:52.095358,6.5,56472974,0,44.6,83.1
2023-10-20 15:06:53.113506,12.3,56472974,0,44.6,83.1
2023-10-20 15:06:54.129037,6.6,56473281,0,44.6,83.1
2023-10-20 15:06:55.147005,8.0,56473281,0,44.6,83.1
2023-10-20 15:06:56.165626,7.3,56473402,0,44.6,83.1
2023-10-20 15:06:57.182021,6.3,56473402,0,44.6,83.1
2023-10-20 15:06:58.200005,9.2,56473402,0,44.6,83.1
2023-10-20 15:06:59.217925,9.6,56488524,0,44.8,83.1
2023-10-20 15:07:00.237509,8.6,56574989,0,44.8,83.1
2023-10-20 15:07:01.254515,7.9,56574989,0,44.8,83.1
2023-10-20 15:07:02.270128,7.4,56575231,0,44.8,83.1
2023-10-20 15:07:03.289221,10.5,56575231,0,44.8,83.1
2023-10-20 15:07:04.338663,7.3,56610419,0,44.8,83.1
2023-10-20 15:07:05.357914,7.2,56610419,0,44.8,83.1
2023-10-20 15:07:06.375869,6.6,56610955,0,44.8,83.1
2023-10-20 15:07:07.392186,4.6,56611076,0,44.8,83.1
2023-10-20 15:07:08.414807,7.8,56611197,0,44.6,83.1
2023-10-20 15:07:09.434912,9.4,56611791,0,44.7,83.1
2023-10-20 15:07:10.451963,7.3,56611791,0,44.6,83.1
2023-10-20 15:07:11.469383,8.3,56611791,0,44.6,83.1
2023-10-20 15:07:12.513749,6.3,56612129,0,44.6,83.1
2023-10-20 15:07:13.531280,10.2,56612346,0,44.6,83.1
2023-10-20 15:07:14.557396,15.6,56613876,0,44.9,83.1
2023-10-20 15:07:15.576198,8.2,56615272,0,44.9,83.1
2023-10-20 15:07:16.594890,9.4,56615272,0,45.0,83.1
2023-10-20 15:07:17.615124,10.2,56617485,0,45.0,83.1
2023-10-20 15:07:18.631159,7.8,56617551,0,45.0,83.1
2023-10-20 15:07:19.649065,6.2,56617605,0,45.1,83.1
2023-10-20 15:07:20.697290,7.8,56617605,0,45.0,83.1
2023-10-20 15:07:21.715552,10.0,56618265,0,45.1,83.1
2023-10-20 15:07:22.732630,9.0,56620123,0,45.1,83.1
2023-10-20 15:07:23.750207,8.5,56620123,0,45.1,83.1
2023-10-20 15:07:24.765766,9.1,56620123,0,45.0,83.1
2023-10-20 15:07:25.781655,10.7,56621713,0,45.1,83.1
2023-10-20 15:07:26.798262,9.4,56622341,0,45.1,83.1
2023-10-20 15:07:27.815138,7.7,56622341,0,45.1,83.1
2023-10-20 15:07:28.831468,9.3,56622341,0,45.0,83.1
2023-10-20 15:07:29.849329,7.9,56622341,0,45.1,83.1
2023-10-20 15:07:30.864682,9.6,56622341,0,45.1,83.1
2023-10-20 15:07:31.878848,8.0,56622341,0,45.1,83.1
2023-10-20 15:07:32.896150,7.4,56622341,0,45.1,83.1
2023-10-20 15:07:33.910868,10.0,56622341,0,44.9,83.1
2023-10-20 15:07:34.928576,7.3,56622341,0,44.9,83.1
2023-10-20 15:07:35.942989,8.6,56622341,0,44.9,83.1
2023-10-20 15:07:36.960492,7.1,56622341,0,44.9,83.1
2023-10-20 15:07:37.977695,7.3,56622341,0,44.9,83.1
2023-10-20 15:07:38.999352,9.2,56622462,0,44.8,83.1
2023-10-20 15:07:40.014613,7.9,56622462,0,44.9,83.1
2023-10-20 15:07:41.029539,7.0,56622517,0,44.9,83.1
2023-10-20 15:07:42.048213,7.9,56622517,0,44.9,83.1
2023-10-20 15:07:43.063525,7.6,56628495,0,44.9,83.1
2023-10-20 15:07:44.077737,7.5,56628495,0,44.7,83.1
2023-10-20 15:07:45.093991,8.4,56628858,0,44.8,83.1
2023-10-20 15:07:46.108674,7.7,56628858,0,44.8,83.1
2023-10-20 15:07:47.128748,8.6,56629100,0,44.9,83.1
2023-10-20 15:07:48.146479,8.6,56629250,0,44.9,83.1
2023-10-20 15:07:49.164314,8.1,56629371,0,44.9,83.1
2023-10-20 15:07:50.184884,8.8,56629371,0,44.9,83.1
2023-10-20 15:07:51.203836,6.9,56629547,0,44.8,83.1
2023-10-20 15:07:52.221762,8.0,56629734,0,44.8,83.1
2023-10-20 15:07:53.235975,8.3,56629734,0,44.8,83.1
2023-10-20 15:07:54.255121,8.5,56629855,0,44.9,83.1
2023-10-20 15:07:55.273980,8.3,56629855,0,44.8,83.1
2023-10-20 15:07:56.288477,7.5,56629855,0,44.8,83.1
2023-10-20 15:07:57.307020,7.7,56629976,0,44.8,83.1
2023-10-20 15:07:58.326621,7.4,56629976,0,44.8,83.1
2023-10-20 15:07:59.344220,8.1,56630097,0,44.8,83.1
2023-10-20 15:08:00.379778,8.0,56630097,0,44.8,83.1
2023-10-20 15:08:01.397209,7.5,56630097,0,44.8,83.1
2023-10-20 15:08:02.415371,6.8,56630314,0,44.9,83.1
2023-10-20 15:08:03.430328,8.2,56630531,0,44.9,83.1
2023-10-20 15:08:04.453418,11.1,56640278,0,44.9,83.1
2023-10-20 15:08:05.492860,9.7,56640495,0,45.0,83.1
2023-10-20 15:08:06.515284,7.5,56640735,0,44.9,83.1
2023-10-20 15:08:07.530045,9.6,56640735,0,44.9,83.1
2023-10-20 15:08:08.547559,8.4,56640735,0,44.8,83.1
2023-10-20 15:08:09.563142,8.9,56640735,0,44.8,83.1
2023-10-20 15:08:10.587518,8.9,56640735,0,44.8,83.1
2023-10-20 15:08:11.607816,8.1,56641221,0,44.8,83.1
2023-10-20 15:08:12.626443,6.9,56641546,0,44.8,83.1
2023-10-20 15:08:13.644410,8.8,56654193,0,44.9,83.1
2023-10-20 15:08:14.662466,8.5,56664891,0,45.0,83.1
2023-10-20 15:08:15.689824,9.3,56671244,0,45.0,83.1
2023-10-20 15:08:16.707409,9.6,56671244,0,45.0,83.1
2023-10-20 15:08:17.723747,7.6,56682928,0,45.0,83.1
2023-10-20 15:08:18.739776,6.8,56682928,0,45.0,83.1
2023-10-20 15:08:19.757971,10.0,56682928,0,45.0,83.1
2023-10-20 15:08:20.776946,12.8,56682928,0,45.1,83.1
2023-10-20 15:08:21.796526,9.1,56682928,0,45.0,83.1
2023-10-20 15:08:22.814760,6.3,56683049,0,45.0,83.1
2023-10-20 15:08:23.833843,9.3,56683170,0,45.0,83.1
2023-10-20 15:08:24.855199,7.4,56683674,0,45.0,83.1
2023-10-20 15:08:25.877788,9.4,56732856,0,45.0,83.1
2023-10-20 15:08:26.901058,11.3,56736940,0,45.1,83.1
2023-10-20 15:08:27.920136,7.4,56746867,0,45.1,83.1
2023-10-20 15:08:28.939397,8.2,56755404,0,45.2,83.1
2023-10-20 15:08:29.958965,9.7,56773489,0,45.2,83.1
2023-10-20 15:08:30.975038,11.9,56773855,0,45.0,83.1
2023-10-20 15:08:31.992098,9.6,56782627,0,45.0,83.1
2023-10-20 15:08:33.012294,6.4,56790999,0,45.1,83.1
2023-10-20 15:08:34.028664,6.7,56791819,0,45.1,83.1
2023-10-20 15:08:35.048583,7.5,56792143,0,45.0,83.1
2023-10-20 15:08:36.066372,9.9,56792359,0,45.0,83.1
2023-10-20 15:08:37.083070,5.9,56792751,0,45.1,83.1
2023-10-20 15:08:38.099277,8.0,56793033,0,45.1,83.1
2023-10-20 15:08:39.116413,6.6,56793681,0,45.1,83.1
2023-10-20 15:08:40.142460,5.8,56793897,0,45.0,83.1
2023-10-20 15:08:41.159398,7.5,56794113,0,45.0,83.1
2023-10-20 15:08:42.174877,7.1,56794234,0,45.0,83.1
2023-10-20 15:08:43.193131,6.6,56800253,0,45.0,83.1
2023-10-20 15:08:44.214669,8.4,56800374,0,45.1,83.1
2023-10-20 15:08:45.232173,9.1,56800374,0,45.1,83.1
2023-10-20 15:08:46.247556,8.8,56800374,0,45.1,83.1
2023-10-20 15:08:47.265809,8.2,56800555,0,45.1,83.1
2023-10-20 15:08:48.286419,6.3,56800555,0,45.1,83.1
2023-10-20 15:08:49.305174,7.9,56800555,0,45.1,83.1
2023-10-20 15:08:50.322488,7.2,56800555,0,45.0,83.1
2023-10-20 15:08:51.340719,9.6,56800555,0,45.0,83.1
2023-10-20 15:08:52.359374,8.2,56801838,0,45.1,83.1
2023-10-20 15:08:53.377480,11.3,56863859,0,45.2,83.1
2023-10-20 15:08:54.394395,7.4,56864341,0,45.2,83.1
2023-10-20 15:08:55.410886,7.9,56864341,0,45.2,83.1
2023-10-20 15:08:56.430552,11.4,56864341,0,45.2,83.1
2023-10-20 15:08:57.471949,7.3,56865511,0,45.2,83.1
2023-10-20 15:08:58.492300,7.9,56865943,0,45.2,83.1
2023-10-20 15:08:59.510582,8.1,56865943,0,45.1,83.1
2023-10-20 15:09:00.529586,8.1,56865943,0,45.1,83.1
2023-10-20 15:09:01.583499,7.9,56865943,0,45.2,83.1
2023-10-20 15:09:02.600896,8.9,56866336,0,45.2,83.1
2023-10-20 15:09:03.618607,12.4,56874056,0,45.2,83.1
2023-10-20 15:09:04.636095,6.8,56882872,0,45.2,83.1
2023-10-20 15:09:05.681304,6.9,56882872,0,45.3,83.1
2023-10-20 15:09:06.696612,11.4,56885115,0,45.3,83.1
2023-10-20 15:09:07.712387,9.2,56885115,0,45.3,83.1
2023-10-20 15:09:08.730829,8.5,56885236,0,45.3,83.1
2023-10-20 15:09:09.755508,7.5,56885236,0,45.3,83.1
2023-10-20 15:09:10.770403,7.6,56885236,0,45.3,83.1
2023-10-20 15:09:11.788758,8.9,56885357,0,45.3,83.1
2023-10-20 15:09:12.806324,8.0,56885629,0,45.2,83.1
2023-10-20 15:09:13.830168,7.9,56886154,0,45.2,83.1
2023-10-20 15:09:14.843722,7.7,56886371,0,45.2,83.1
2023-10-20 15:09:15.860553,6.5,56886588,0,45.2,83.1
2023-10-20 15:09:16.877854,7.5,56886588,0,45.1,83.1
2023-10-20 15:09:17.894688,6.7,56886709,0,45.2,83.1
2023-10-20 15:09:18.911601,8.1,56886709,0,45.2,83.1
2023-10-20 15:09:19.929760,8.1,56886709,0,45.2,83.1
2023-10-20 15:09:20.947041,5.7,56886709,0,45.2,83.1
2023-10-20 15:09:21.964881,7.3,56886830,0,45.1,83.1
2023-10-20 15:09:22.979658,6.4,56886951,0,45.0,83.1
2023-10-20 15:09:23.997626,7.9,56886951,0,45.1,83.1
2023-10-20 15:09:25.015185,8.6,56887989,0,45.1,83.1
2023-10-20 15:09:26.032153,6.7,56887989,0,45.0,83.1
2023-10-20 15:09:27.051542,9.2,56887989,0,45.1,83.1
2023-10-20 15:09:28.070423,7.4,56888289,0,45.1,83.1
2023-10-20 15:09:29.085976,7.2,56888289,0,45.1,83.1
2023-10-20 15:09:30.108310,8.0,56888289,0,45.1,83.1
2023-10-20 15:09:31.123860,7.5,56888410,0,45.0,83.1
2023-10-20 15:09:32.138857,8.1,56888410,0,45.0,83.1
2023-10-20 15:09:33.155938,7.6,56888410,0,45.0,83.1
2023-10-20 15:09:34.173346,7.2,56888410,0,45.0,83.1
2023-10-20 15:09:35.193623,7.2,56888410,0,45.0,83.1
2023-10-20 15:09:36.210710,7.2,56888410,0,45.0,83.1
2023-10-20 15:09:37.230022,9.5,56889001,0,45.0,83.1
2023-10-20 15:09:38.248517,8.3,56889243,0,45.1,83.1
2023-10-20 15:09:39.266275,7.2,56889243,0,45.1,83.1
2023-10-20 15:09:40.285026,8.2,56889243,0,45.1,83.1
2023-10-20 15:09:41.299873,8.5,56889243,0,45.1,83.1
2023-10-20 15:09:42.322016,9.2,56889352,0,45.1,83.1
2023-10-20 15:09:43.339214,8.4,56895754,0,45.1,83.1
2023-10-20 15:09:44.354299,9.1,56896048,0,45.0,83.1
2023-10-20 15:09:45.373503,9.7,56896048,0,45.1,83.1
2023-10-20 15:09:46.392466,7.1,56896686,0,45.1,83.1
2023-10-20 15:09:47.407486,9.2,56915392,0,45.1,83.1
2023-10-20 15:09:48.427311,8.0,56915392,0,45.1,83.1
2023-10-20 15:09:49.443059,7.1,56916616,0,45.1,83.1
2023-10-20 15:09:50.463093,7.9,56926530,0,45.1,83.1
2023-10-20 15:09:51.479656,7.8,56926530,0,45.1,83.1
2023-10-20 15:09:52.514011,9.4,56926530,0,45.1,83.1
2023-10-20 15:09:53.541443,6.7,56926651,0,45.1,83.1
2023-10-20 15:09:54.560400,6.5,56926651,0,45.1,83.1
2023-10-20 15:09:55.577761,6.9,56926651,0,45.0,83.1
2023-10-20 15:09:56.595308,6.6,56926772,0,45.0,83.1
2023-10-20 15:09:57.612371,9.3,56926772,0,45.0,83.1
2023-10-20 15:09:58.629826,5.9,56926827,0,45.1,83.1
2023-10-20 15:09:59.647267,6.0,56927241,0,45.1,83.1
2023-10-20 15:10:00.665806,11.7,56927241,0,45.2,83.1
2023-10-20 15:10:01.682659,8.5,56927241,0,45.2,83.1
2023-10-20 15:10:02.700383,8.8,56927579,0,45.2,83.1
2023-10-20 15:10:03.719160,7.0,56927850,0,45.2,83.1
2023-10-20 15:10:04.733892,6.4,56928175,0,45.1,83.1
2023-10-20 15:10:05.751481,5.8,56928392,0,45.1,83.1
2023-10-20 15:10:06.769286,5.1,56928392,0,45.2,83.1
2023-10-20 15:10:07.788831,7.2,56928392,0,45.1,83.1
2023-10-20 15:10:08.807125,5.6,56928681,0,45.1,83.1
2023-10-20 15:10:09.827028,6.2,56928681,0,45.1,83.1
2023-10-20 15:10:10.846967,4.7,56928681,0,45.1,83.1
2023-10-20 15:10:11.865343,5.4,56928681,0,45.1,83.1
2023-10-20 15:10:12.884596,8.4,56928681,0,45.1,83.1
2023-10-20 15:10:13.900979,5.8,56928681,0,45.1,83.1
2023-10-20 15:10:14.917347,6.4,56928681,0,45.1,83.1
2023-10-20 15:10:15.934441,7.7,56928681,0,45.1,83.1
2023-10-20 15:10:16.951294,19.4,56928681,0,45.2,83.1
2023-10-20 15:10:17.971354,12.0,56928681,0,45.2,83.1
2023-10-20 15:10:18.991524,7.9,56928681,0,45.2,83.1
2023-10-20 15:10:20.014425,6.4,56928681,0,45.1,83.1
2023-10-20 15:10:21.050840,5.2,56928681,0,45.2,83.1
2023-10-20 15:10:22.073955,6.4,56928681,0,45.1,83.1
2023-10-20 15:10:23.090830,13.4,56928923,0,45.2,83.1
2023-10-20 15:10:24.108728,6.2,56928923,0,45.1,83.1
2023-10-20 15:10:25.125050,4.9,56928923,0,45.1,83.1
2023-10-20 15:10:26.141912,4.6,56928923,0,45.1,83.1
2023-10-20 15:10:27.160042,4.9,56928923,0,45.1,83.1
2023-10-20 15:10:28.178509,6.0,56928923,0,45.1,83.1
2023-10-20 15:10:29.197945,6.4,56929388,0,45.1,83.1
2023-10-20 15:10:30.219285,4.2,56929388,0,45.1,83.1
2023-10-20 15:10:31.236116,5.4,56929388,0,45.1,83.1
2023-10-20 15:10:32.257843,5.5,56929509,0,45.1,83.1
2023-10-20 15:10:33.274591,6.5,56929630,0,45.1,83.1
2023-10-20 15:10:34.296842,5.3,56929630,0,45.1,83.1
2023-10-20 15:10:35.313890,4.4,56929967,0,45.1,83.1
2023-10-20 15:10:36.330319,5.4,56930183,0,45.1,83.1
2023-10-20 15:10:37.348211,6.2,56930399,0,45.1,83.1
2023-10-20 15:10:38.398866,4.9,56930831,0,45.1,83.1
2023-10-20 15:10:39.416825,5.0,56931047,0,45.1,83.1
2023-10-20 15:10:40.432629,5.6,56931263,0,45.1,83.1
2023-10-20 15:10:41.451172,6.0,56931534,0,45.1,83.1
2023-10-20 15:10:42.484396,4.7,56931600,0,45.1,83.1
2023-10-20 15:10:43.505967,7.4,56931600,0,45.1,83.1
2023-10-20 15:10:44.524370,5.2,56931600,0,45.1,83.1
2023-10-20 15:10:45.543108,4.7,56931600,0,45.1,83.1
2023-10-20 15:10:46.577016,5.6,56931600,0,45.1,83.1
2023-10-20 15:10:47.597551,5.1,56931600,0,45.1,83.1
2023-10-20 15:10:48.617516,5.8,56931721,0,45.1,83.1
2023-10-20 15:10:49.642482,6.6,56931721,0,45.1,83.1
2023-10-20 15:10:50.664269,4.9,56931721,0,45.1,83.1
2023-10-20 15:10:51.682085,3.6,56931721,0,45.1,83.1
2023-10-20 15:10:52.698016,6.0,56932108,0,45.1,83.1
2023-10-20 15:10:53.714750,5.8,56932108,0,45.1,83.1
2023-10-20 15:10:54.748417,5.5,56932108,0,45.2,83.1
2023-10-20 15:10:55.765555,4.9,56932108,0,45.1,83.1
2023-10-20 15:10:56.784255,2.9,56932108,0,45.1,83.1
2023-10-20 15:10:57.800433,5.0,56932108,0,45.1,83.1
2023-10-20 15:10:58.818181,6.2,56932108,0,45.1,83.1
2023-10-20 15:10:59.832650,4.5,56932270,0,45.1,83.1
2023-10-20 15:11:00.848355,3.7,56932270,0,45.1,83.1
2023-10-20 15:11:01.864235,3.8,56932270,0,45.1,83.1
2023-10-20 15:11:02.915329,5.7,56932270,0,45.1,83.1
2023-10-20 15:11:03.932542,7.3,56932270,0,45.1,83.1
2023-10-20 15:11:04.950130,6.5,56932270,0,45.1,83.1
2023-10-20 15:11:05.976864,9.7,56932270,0,45.1,83.1
2023-10-20 15:11:06.993717,7.2,56932270,0,45.1,83.1
2023-10-20 15:11:08.009343,4.0,56932270,0,45.1,83.1
2023-10-20 15:11:09.025023,5.2,56932270,0,45.2,83.1
2023-10-20 15:11:10.045514,5.1,56932270,0,45.1,83.1
2023-10-20 15:11:11.062188,4.2,56932270,0,45.1,83.1
2023-10-20 15:11:12.078059,4.1,56932270,0,45.1,83.1
2023-10-20 15:11:13.093483,5.3,56932487,0,45.1,83.1
2023-10-20 15:11:14.107516,6.1,56932759,0,45.2,83.1
2023-10-20 15:11:15.126953,5.2,56933259,0,45.1,83.1
2023-10-20 15:11:16.141861,5.5,56933259,0,45.1,83.1
2023-10-20 15:11:17.158135,4.9,56933380,0,45.1,83.1
2023-10-20 15:11:18.175137,4.8,56933501,0,45.1,83.1
2023-10-20 15:11:19.195392,4.9,56933501,0,45.2,83.1
2023-10-20 15:11:20.253180,8.0,56933501,0,45.1,83.1
2023-10-20 15:11:21.273944,6.4,56933501,0,45.2,83.1
2023-10-20 15:11:22.292290,7.1,56933501,0,45.2,83.1
2023-10-20 15:11:23.314620,5.3,56933556,0,45.2,83.1
2023-10-20 15:11:24.334058,4.7,56933622,0,45.2,83.1
2023-10-20 15:11:25.378818,6.0,56933622,0,45.2,83.1
2023-10-20 15:11:26.395835,4.9,56933743,0,45.2,83.1
2023-10-20 15:11:27.411733,4.7,56933798,0,45.2,83.1
2023-10-20 15:11:28.431236,5.1,56933798,0,45.2,83.1
2023-10-20 15:11:29.447054,5.4,56933798,0,45.2,83.1
2023-10-20 15:11:30.500421,7.0,56933798,0,45.1,83.1
2023-10-20 15:11:31.520412,5.0,56933798,0,45.1,83.1
2023-10-20 15:11:32.538642,5.1,56933798,0,45.1,83.1
2023-10-20 15:11:33.556516,3.6,56933919,0,45.1,83.1
2023-10-20 15:11:34.573966,5.2,56933919,0,45.2,83.1
2023-10-20 15:11:35.635891,6.8,56933919,0,45.1,83.1
2023-10-20 15:11:36.653642,3.6,56933919,0,45.1,83.1
2023-10-20 15:11:37.670486,4.9,56933919,0,45.1,83.1
2023-10-20 15:11:38.687891,5.4,56933919,0,45.1,83.1
2023-10-20 15:11:39.704680,4.6,56933919,0,45.1,83.1
2023-10-20 15:11:40.721461,7.3,56933919,0,45.1,83.1
2023-10-20 15:11:41.738173,6.3,56933919,0,45.1,83.1
2023-10-20 15:11:42.756274,5.6,56933919,0,45.1,83.1
2023-10-20 15:11:43.807702,4.2,56933919,0,45.1,83.1
2023-10-20 15:11:44.822871,7.2,56933919,0,45.1,83.1
2023-10-20 15:11:45.839274,5.6,56934109,0,45.2,83.1
2023-10-20 15:11:46.855650,4.5,56934299,0,45.1,83.1
2023-10-20 15:11:47.898913,4.9,56934299,0,45.1,83.1
2023-10-20 15:11:48.920553,6.4,56934299,0,45.1,83.1
2023-10-20 15:11:49.938338,6.3,56934299,0,45.1,83.1
2023-10-20 15:11:50.957986,6.8,56934299,0,45.1,83.1
2023-10-20 15:11:52.001800,4.9,56934299,0,45.1,83.1
2023-10-20 15:11:53.019541,5.7,56934299,0,45.1,83.1
2023-10-20 15:11:54.037059,5.8,56934299,0,45.1,83.1
2023-10-20 15:11:55.052714,6.5,56934299,0,45.1,83.1
2023-10-20 15:11:56.094960,6.5,56934299,0,45.1,83.1
2023-10-20 15:11:57.121218,4.9,56934299,0,45.1,83.1
2023-10-20 15:11:58.161084,6.0,56934299,0,45.1,83.1
2023-10-20 15:11:59.206933,5.1,56934299,0,45.1,83.1
2023-10-20 15:12:00.225947,6.2,56934420,0,45.2,83.1
2023-10-20 15:12:01.258133,5.7,56934420,0,45.1,83.1
2023-10-20 15:12:02.276846,4.4,56934758,0,45.1,83.1
2023-10-20 15:12:03.294872,5.4,56935096,0,45.2,83.1
2023-10-20 15:12:04.312903,4.0,56935313,0,45.2,83.1
2023-10-20 15:12:05.331509,4.9,56935530,0,45.2,83.1
2023-10-20 15:12:06.359180,6.2,56935530,0,45.2,83.1
2023-10-20 15:12:07.376586,6.5,56935530,0,45.2,83.1
2023-10-20 15:12:08.392307,4.5,56935530,0,45.2,83.1
2023-10-20 15:12:09.407613,5.1,56935530,0,45.2,83.1
2023-10-20 15:12:10.425759,6.2,56935530,0,45.2,83.1
2023-10-20 15:12:11.444779,6.0,56935530,0,45.2,83.1
2023-10-20 15:12:12.463241,4.2,56935651,0,45.2,83.1
2023-10-20 15:12:13.483419,6.2,56935651,0,45.2,83.1
2023-10-20 15:12:14.499254,6.1,56935651,0,45.1,83.1
2023-10-20 15:12:15.514468,4.6,56935651,0,45.1,83.1
2023-10-20 15:12:16.531832,7.4,56935651,0,45.2,83.1
2023-10-20 15:12:17.550174,6.3,56935940,0,45.2,83.1
2023-10-20 15:12:18.566341,5.2,56935995,0,45.2,83.1
2023-10-20 15:12:19.585826,3.2,56936061,0,45.2,83.1
2023-10-20 15:12:20.641318,4.2,56936061,0,45.1,83.1
2023-10-20 15:12:21.671292,5.7,56936061,0,45.2,83.1
2023-10-20 15:12:22.687516,4.9,56936061,0,45.2,83.1
2023-10-20 15:12:23.705589,4.4,56936182,0,45.2,83.1
2023-10-20 15:12:24.726156,5.6,56936182,0,45.2,83.1
2023-10-20 15:12:25.746097,5.0,56936182,0,45.2,83.1
2023-10-20 15:12:26.779089,8.3,56936182,0,45.2,83.1
2023-10-20 15:12:27.815403,6.7,56936182,0,45.2,83.1
2023-10-20 15:12:28.839596,5.7,56936468,0,45.2,83.1
2023-10-20 15:12:29.855436,8.7,56936468,0,45.2,83.1
2023-10-20 15:12:30.873215,5.0,56936468,0,45.2,83.1
2023-10-20 15:18:41.573453,0.0,57706542,0,53.6,83.1
2023-10-20 15:18:42.601031,9.2,57706542,0,53.6,83.1
2023-10-20 15:18:43.626080,7.7,57706784,0,53.6,83.1
2023-10-20 15:18:44.650833,5.9,57706784,0,53.6,83.1
2023-10-20 15:18:45.676163,16.6,57706784,0,53.8,83.1
2023-10-20 15:18:46.706805,7.7,57706784,0,53.9,83.1
2023-10-20 15:18:47.769202,6.0,57706784,0,53.9,83.1
2023-10-20 15:18:48.796027,10.0,57706784,0,53.9,83.1
2023-10-20 15:18:49.825869,7.6,57706784,0,53.9,83.1
2023-10-20 15:18:50.853698,8.1,57706784,0,54.0,83.1
2023-10-20 15:18:51.876731,7.5,57706784,0,54.0,83.1
2023-10-20 15:18:52.902749,7.4,57706784,0,53.9,83.1
2023-10-20 15:18:53.928389,8.6,57706784,0,53.9,83.1
2023-10-20 15:18:54.954773,8.3,57706784,0,53.9,83.1
2023-10-20 15:18:55.978832,8.1,57706784,0,53.9,83.1
2023-10-20 15:18:57.007129,8.0,57706784,0,53.9,83.1
2023-10-20 15:18:58.035819,7.3,57706784,0,53.9,83.1
2023-10-20 15:18:59.065354,8.0,57706905,0,53.9,83.1
2023-10-20 15:19:00.095415,7.5,57706905,0,53.9,83.1
2023-10-20 15:19:01.124591,9.7,57706905,0,53.9,83.1
2023-10-20 15:19:02.154349,8.0,57706905,0,53.9,83.1
2023-10-20 15:19:03.184047,9.1,57706905,0,53.9,83.1
2023-10-20 15:19:04.218461,9.5,57706905,0,53.9,83.1
2023-10-20 15:19:05.249452,7.3,57706905,0,53.9,83.1
2023-10-20 15:19:06.279939,13.6,57706960,0,54.0,83.1
2023-10-20 15:19:07.304985,8.6,57707026,0,54.0,83.1
2023-10-20 15:19:08.330719,7.4,57707026,0,54.0,83.1
2023-10-20 15:19:09.355764,7.9,57707026,0,54.0,83.1
2023-10-20 15:19:10.380990,8.3,57707026,0,53.9,83.1
2023-10-20 15:19:11.409912,8.9,57708696,0,54.0,83.1
2023-10-20 15:19:12.437540,9.8,57709034,0,53.9,83.1
2023-10-20 15:19:13.466559,7.8,57709372,0,53.9,83.1
2023-10-20 15:19:14.496573,8.2,57709831,0,53.9,83.1
2023-10-20 15:19:15.522059,7.9,57710048,0,53.9,83.1
2023-10-20 15:19:16.552775,7.9,57710048,0,54.0,83.1
2023-10-20 15:19:17.579247,7.6,57710048,0,53.9,83.1
2023-10-20 15:19:18.611172,8.6,57710048,0,53.9,83.1
2023-10-20 15:19:19.638796,8.2,57710048,0,53.9,83.1
2023-10-20 15:19:20.670410,8.6,57710048,0,53.9,83.1
2023-10-20 15:19:21.699857,8.4,57710048,0,54.0,83.1
2023-10-20 15:19:22.730052,9.2,57710048,0,53.9,83.1
2023-10-20 15:19:23.757612,8.4,57710048,0,53.9,83.1
2023-10-20 15:19:24.786882,8.6,57710048,0,54.0,83.1
2023-10-20 15:19:25.814795,8.6,57710169,0,53.9,83.1
2023-10-20 15:19:26.841652,8.7,57710169,0,54.0,83.1
2023-10-20 15:19:27.881072,9.5,57710469,0,53.9,83.1
2023-10-20 15:19:28.904372,8.8,57710469,0,53.9,83.1
2023-10-20 15:19:29.932802,9.1,57710469,0,53.9,83.1
2023-10-20 15:19:30.959906,11.1,57710469,0,53.9,83.1
2023-10-20 15:19:31.999275,8.6,57710469,0,54.0,83.1
2023-10-20 15:19:33.050499,9.4,57710469,0,53.9,83.1
2023-10-20 15:19:34.116381,6.8,57710469,0,53.9,83.1
2023-10-20 15:19:35.145011,7.2,57710469,0,53.9,83.1
2023-10-20 15:19:36.172601,6.4,57710469,0,53.9,83.1
2023-10-20 15:19:37.202781,7.6,57710590,0,54.0,83.1
2023-10-20 15:19:38.243833,7.8,57710590,0,53.9,83.1
2023-10-20 15:19:39.267870,8.7,57710590,0,53.9,83.1
2023-10-20 15:19:40.294691,5.1,57710590,0,53.9,83.1
2023-10-20 15:19:41.321252,8.1,57710590,0,53.9,83.1
2023-10-20 15:19:42.350072,8.3,57710590,0,53.9,83.1
2023-10-20 15:19:43.384323,13.3,57716575,0,54.2,83.1
2023-10-20 15:19:44.400964,19.1,57888489,0,54.3,83.1
2023-10-20 15:19:45.417909,13.9,57942417,0,54.6,83.1
2023-10-20 15:19:46.434954,11.1,57966939,0,54.5,83.1
2023-10-20 15:19:47.450326,11.3,58004477,0,54.4,83.1
2023-10-20 15:19:48.467588,12.7,58006211,0,53.7,83.1
2023-10-20 15:19:49.481236,8.5,58007813,0,53.7,83.1
2023-10-20 15:19:50.497192,8.9,58009717,0,53.7,83.1
2023-10-20 15:19:51.513859,8.4,58010453,0,53.7,83.1
2023-10-20 15:19:52.527603,8.7,58011189,0,53.7,83.1
2023-10-20 15:19:53.544208,9.2,58012033,0,53.7,83.1
2023-10-20 15:19:54.560626,8.4,58013135,0,53.7,83.1
2023-10-20 15:19:55.575169,8.6,58022070,0,53.7,83.1
2023-10-20 15:19:56.592274,8.6,58022274,0,53.7,83.1
2023-10-20 15:19:57.608832,8.6,58022274,0,53.7,83.1
2023-10-20 15:19:58.624920,9.0,58022274,0,53.7,83.1
2023-10-20 15:19:59.642073,8.3,58022395,0,53.7,83.1
2023-10-20 15:20:00.658625,9.0,58022395,0,53.7,83.1
2023-10-20 15:20:01.676727,8.8,58022395,0,53.7,83.1
2023-10-20 15:20:02.694163,10.1,58327938,0,53.7,83.1
2023-10-20 15:20:03.713336,11.3,58356735,0,53.7,83.1
2023-10-20 15:20:04.730475,8.8,58356735,0,53.7,83.1
2023-10-20 15:20:05.749085,9.7,58356735,0,53.8,83.1
2023-10-20 15:20:06.766084,9.1,58356735,0,53.8,83.1
2023-10-20 15:20:07.783599,9.1,58365563,0,53.9,83.1
2023-10-20 15:20:08.801484,10.0,58365563,0,53.9,83.1
2023-10-20 15:20:09.815760,9.1,58365563,0,53.9,83.1
2023-10-20 15:20:10.832266,9.6,58365563,0,53.9,83.1
2023-10-20 15:20:11.848418,9.8,58365725,0,53.9,83.1
2023-10-20 15:20:12.864977,11.0,58367749,0,53.9,83.1
2023-10-20 15:20:13.882317,11.7,58367749,0,54.0,83.1
2023-10-20 15:20:14.899468,9.6,58367749,0,54.0,83.1
2023-10-20 15:20:15.916299,9.1,58367749,0,53.9,83.1
2023-10-20 15:20:16.933413,9.2,58367749,0,53.9,83.1
2023-10-20 15:20:17.947744,9.9,58367749,0,53.9,83.1
2023-10-20 15:20:18.964505,9.6,58367749,0,53.9,83.1
2023-10-20 15:20:19.979525,11.0,58369919,0,54.0,83.1
2023-10-20 15:20:20.996121,9.0,58369919,0,54.0,83.1
2023-10-20 15:20:22.013120,8.9,58369919,0,54.0,83.1
2023-10-20 15:20:23.029610,9.0,58369919,0,54.0,83.1
2023-10-20 15:20:24.044273,10.1,58369919,0,53.9,83.1
2023-10-20 15:20:25.061283,9.3,58369919,0,53.9,83.1
2023-10-20 15:20:26.078732,10.4,58370040,0,53.9,83.1
2023-10-20 15:20:27.095269,10.5,58370649,0,53.9,83.1
2023-10-20 15:20:28.112157,8.8,58372229,0,54.0,83.1
2023-10-20 15:20:29.128683,9.8,58372515,0,54.0,83.1
2023-10-20 15:20:30.143558,9.1,58372515,0,53.9,83.1
2023-10-20 15:20:31.159862,9.2,58375806,0,53.9,83.1
2023-10-20 15:20:32.175941,8.6,58375916,0,53.9,83.1
2023-10-20 15:20:33.192088,8.6,58376048,0,53.9,83.1
2023-10-20 15:20:34.208759,9.9,58376048,0,54.0,83.1
2023-10-20 15:20:35.224915,10.5,58376264,0,53.8,83.1
2023-10-20 15:20:36.241294,9.7,58376480,0,53.9,83.1
2023-10-20 15:20:37.259102,9.6,58376696,0,53.9,83.1
2023-10-20 15:20:38.274856,9.4,58376912,0,53.8,83.1
2023-10-20 15:20:39.292336,9.7,58376912,0,53.8,83.1
2023-10-20 15:20:40.308133,9.2,58376912,0,53.8,83.1
2023-10-20 15:20:41.325656,9.0,58376912,0,53.8,83.1
2023-10-20 15:20:42.341832,8.7,58376912,0,53.8,83.1
2023-10-20 15:20:43.358595,10.2,58379587,0,54.0,83.1
2023-10-20 15:20:44.373276,14.1,58448348,0,54.1,83.1
2023-10-20 15:20:45.386107,15.3,58448348,0,54.0,83.1
2023-10-20 15:20:46.402856,8.6,58448348,0,54.0,83.1
2023-10-20 15:20:47.419102,8.6,58448348,0,54.0,83.1
2023-10-20 15:20:48.434918,8.9,58448903,0,54.0,83.1
2023-10-20 15:20:49.453960,9.7,58448903,0,54.0,83.1
2023-10-20 15:20:50.471662,8.8,58448903,0,54.0,83.1
2023-10-20 15:20:51.489013,9.0,58448903,0,54.0,83.1
2023-10-20 15:20:52.506181,9.0,58448903,0,54.1,83.1
2023-10-20 15:20:53.523627,18.6,58449245,0,54.1,83.1
2023-10-20 15:20:54.556418,12.0,58449875,0,54.1,83.1
2023-10-20 15:20:55.573092,11.4,58449875,0,54.1,83.1
2023-10-20 15:20:56.591787,10.5,58449875,0,54.0,83.1
2023-10-20 15:20:57.608388,9.7,58449875,0,54.0,83.1
2023-10-20 15:20:58.622496,9.0,58449875,0,54.0,83.1
2023-10-20 15:20:59.636179,9.7,58449875,0,54.0,83.1
2023-10-20 15:21:00.650034,12.7,58449875,0,54.0,83.1
2023-10-20 15:21:01.664323,11.0,58450307,0,54.0,83.1
2023-10-20 15:21:02.679987,10.4,58450307,0,54.0,83.1
2023-10-20 15:21:03.699245,14.8,58450607,0,54.1,83.1
2023-10-20 15:21:04.718064,11.8,58450607,0,54.0,83.1
2023-10-20 15:21:05.731750,8.7,58450607,0,54.0,83.1
2023-10-20 15:21:06.745565,8.8,58450607,0,53.9,83.1
2023-10-20 15:21:07.760036,12.3,58450607,0,54.0,83.1
2023-10-20 15:21:08.774874,8.6,58450607,0,54.0,83.1
2023-10-20 15:21:09.788961,9.4,58450607,0,54.0,83.1
2023-10-20 15:21:10.803299,10.1,58450607,0,54.2,83.1
2023-10-20 15:21:11.821806,11.3,58450607,0,54.0,83.1
2023-10-20 15:21:12.837053,10.4,58450824,0,54.0,83.1
2023-10-20 15:21:13.850688,10.1,58451162,0,53.9,83.1
