2023-10-19 01:08:14.387143,0.0,327627027,0,50.8,77.4
2023-10-19 01:08:15.401490,3.9,327627257,0,50.9,77.4
2023-10-19 01:08:16.421557,2.4,327627369,0,50.9,77.4
2023-10-19 01:08:17.436826,2.8,327627485,0,50.9,77.4
2023-10-19 01:08:18.453992,1.1,327627601,0,50.9,77.4
2023-10-19 01:08:19.472766,2.5,327627717,0,50.9,77.4
2023-10-19 01:08:20.494211,0.8,327627833,0,50.9,77.4
2023-10-19 01:08:21.516033,2.0,327627949,0,50.9,77.4
2023-10-19 01:08:22.531059,1.3,327628149,0,50.9,77.4
2023-10-19 01:08:23.554634,4.5,327628265,0,50.9,77.4
2023-10-19 01:08:24.569132,2.2,327628381,0,50.9,77.4
2023-10-19 01:08:25.597376,1.9,327628439,0,50.9,77.4
2023-10-19 01:08:26.618773,2.3,327628639,0,50.9,77.4
2023-10-19 01:08:27.639562,1.6,327628805,0,50.9,77.4
2023-10-19 01:08:28.656711,0.9,327628921,0,50.9,77.4
2023-10-19 01:08:29.682665,0.9,327629121,0,50.9,77.4
2023-10-19 01:08:30.705464,2.8,327629237,0,50.9,77.4
2023-10-19 01:08:31.723804,1.2,327629407,0,50.9,77.4
2023-10-19 01:08:32.746257,2.6,327629631,0,50.9,77.4
2023-10-19 01:08:33.766456,2.0,327629963,0,50.9,77.4
2023-10-19 01:08:34.786928,2.2,327630237,0,50.9,77.4
2023-10-19 01:08:35.807665,5.2,327630511,0,50.9,77.4
2023-10-19 01:08:36.819699,2.5,327630897,0,50.9,77.4
2023-10-19 01:08:37.840349,4.0,327631174,0,50.9,77.4
2023-10-19 01:08:38.861003,3.9,327631290,0,50.9,77.4
2023-10-19 01:08:39.882737,5.3,327631578,0,50.9,77.4
2023-10-19 01:08:40.905425,2.2,327637608,0,50.9,77.4
2023-10-19 01:08:41.928509,1.7,327637724,0,50.9,77.4
2023-10-19 01:08:42.954434,0.9,327638012,0,50.9,77.4
2023-10-19 01:08:43.966381,8.1,327638128,0,50.9,77.4
2023-10-19 01:08:44.977342,2.1,327638128,0,50.9,77.4
2023-10-19 01:08:45.987933,3.1,327638244,0,50.9,77.4
2023-10-19 01:08:47.007833,0.5,327638360,0,50.9,77.4
2023-10-19 01:08:48.025449,0.6,327638526,0,50.8,77.4
2023-10-19 01:08:49.038670,1.5,327638696,0,50.8,77.4
2023-10-19 01:08:50.059215,1.8,327639866,0,50.8,77.4
2023-10-19 01:08:51.074721,1.7,327640255,0,50.8,77.4
2023-10-19 01:08:52.085797,2.7,327640371,0,50.8,77.4
2023-10-19 01:08:53.112209,0.6,327640635,0,50.8,77.4
2023-10-19 01:08:54.134777,0.3,327641068,0,50.8,77.4
2023-10-19 01:08:55.155321,0.8,327641655,0,50.8,77.4
2023-10-19 01:08:56.174624,1.0,327641993,0,50.8,77.4
2023-10-19 01:08:57.199465,6.2,327642345,0,50.8,77.4
2023-10-19 01:08:58.213351,3.0,327642461,0,50.8,77.4
2023-10-19 01:08:59.226176,1.7,327642577,0,50.8,77.4
2023-10-19 01:09:00.243379,2.2,327642693,0,50.8,77.4
2023-10-19 01:09:01.265463,1.1,327642809,0,50.9,77.4
2023-10-19 01:09:02.285395,0.4,327642925,0,50.9,77.4
2023-10-19 01:09:03.308924,0.9,327643067,0,50.9,77.4
2023-10-19 01:09:04.328788,0.4,327643167,0,50.9,77.4
2023-10-19 01:09:05.353114,3.0,327643325,0,50.8,77.4
2023-10-19 01:09:06.377596,3.1,327643483,0,50.8,77.4
2023-10-19 01:09:07.393416,1.9,327643649,0,50.9,77.4
2023-10-19 01:09:08.411096,1.0,327643807,0,50.9,77.4
2023-10-19 01:09:09.432989,3.4,327643977,0,50.8,77.4
2023-10-19 01:09:10.452202,2.9,327644296,0,50.8,77.4
2023-10-19 01:09:11.467450,1.3,327644466,0,50.9,77.4
2023-10-19 01:09:12.480649,1.4,327644636,0,50.9,77.4
2023-10-19 01:09:13.500502,2.7,327644748,0,50.9,77.4
2023-10-19 01:09:14.518460,2.6,327644806,0,50.9,77.4
2023-10-19 01:09:15.539646,1.7,327645262,0,50.9,77.4
2023-10-19 01:09:16.562556,2.3,327645378,0,50.8,77.4
2023-10-19 01:09:17.577993,3.3,327645494,0,50.9,77.4
2023-10-19 01:09:18.592763,3.0,327645610,0,50.9,77.4
2023-10-19 01:09:19.621482,1.1,327645726,0,50.8,77.4
2023-10-19 01:09:20.633409,0.5,327646068,0,50.9,77.4
2023-10-19 01:09:21.644851,0.5,327646184,0,50.8,77.4
2023-10-19 01:09:22.669088,1.5,327646403,0,50.9,77.4
2023-10-19 01:09:23.688530,0.8,327646461,0,50.8,77.4
2023-10-19 01:09:24.707688,2.2,327646577,0,50.8,77.4
2023-10-19 01:09:25.726144,1.6,327646693,0,50.8,77.4
2023-10-19 01:09:26.750080,1.4,327646809,0,50.8,77.4
2023-10-19 01:09:27.764720,1.3,327646975,0,50.8,77.4
2023-10-19 01:09:28.786366,0.3,327647091,0,50.8,77.4
2023-10-19 01:09:29.806377,3.2,327647207,0,50.8,77.4
2023-10-19 01:09:30.823278,1.6,327647323,0,50.8,77.4
2023-10-19 01:09:31.835787,1.8,327647439,0,50.8,77.4
2023-10-19 01:09:32.856015,1.3,327647497,0,50.8,77.4
2023-10-19 01:09:33.876572,1.4,327647617,0,50.8,77.4
2023-10-19 01:09:34.899155,1.9,327647787,0,50.8,77.4
2023-10-19 01:09:35.921139,1.3,327648078,0,50.8,77.4
2023-10-19 01:09:36.936836,2.7,327648194,0,50.8,77.4
2023-10-19 01:09:37.950262,2.0,327655857,0,50.8,77.4
2023-10-19 01:09:38.967345,2.3,327656694,0,50.9,77.4
2023-10-19 01:09:39.980659,12.4,327656810,0,50.9,77.4
2023-10-19 01:09:40.994987,2.5,327657248,0,50.9,77.4
2023-10-19 01:09:42.012665,4.2,327657364,0,50.9,77.4
2023-10-19 01:09:43.035392,2.0,327657528,0,50.9,77.4
2023-10-19 01:09:44.062050,0.9,327657644,0,50.9,77.4
2023-10-19 01:09:45.078140,3.4,327657760,0,50.9,77.4
2023-10-19 01:09:46.094742,1.4,327657876,0,50.9,77.4
2023-10-19 01:09:47.121979,5.6,327657992,0,51.0,77.4
2023-10-19 01:09:48.134328,3.8,327658300,0,50.9,77.4
2023-10-19 01:09:49.149197,3.4,327658470,0,50.9,77.4
2023-10-19 01:09:50.162154,2.3,327658586,0,50.9,77.4
2023-10-19 01:09:51.180093,1.8,327658702,0,50.9,77.4
2023-10-19 01:09:52.200062,0.8,327658814,0,50.8,77.4
2023-10-19 01:09:53.215033,3.2,327658872,0,50.8,77.4
2023-10-19 01:09:54.234101,3.4,327659042,0,50.8,77.4
2023-10-19 01:09:55.249751,1.3,327659212,0,50.8,77.4
2023-10-19 01:09:56.268906,1.3,327659412,0,50.8,77.4
2023-10-19 01:09:57.281913,2.2,327659528,0,50.8,77.4
2023-10-19 01:09:58.304430,0.8,327659644,0,50.8,77.4
2023-10-19 01:09:59.328350,1.5,327659844,0,50.8,77.4
2023-10-19 01:10:00.346966,0.5,327659960,0,50.8,77.4
2023-10-19 01:10:01.368935,0.6,327660076,0,50.8,77.4
2023-10-19 01:10:02.391306,0.6,327660134,0,50.8,77.4
2023-10-19 01:10:03.405521,0.4,327660192,0,50.8,77.4
2023-10-19 01:10:04.424686,0.6,327660308,0,50.8,77.4
2023-10-19 01:10:05.446019,2.7,327660424,0,50.8,77.4
2023-10-19 01:10:06.467439,1.4,327660540,0,50.8,77.4
2023-10-19 01:10:07.489733,1.2,327660867,0,50.8,77.4
2023-10-19 01:10:08.507097,0.5,327660983,0,50.8,77.4
2023-10-19 01:10:09.529164,0.6,327661153,0,50.8,77.4
2023-10-19 01:10:10.547132,2.3,327661717,0,50.8,77.4
2023-10-19 01:10:11.567186,1.9,327661887,0,50.8,77.4
2023-10-19 01:10:12.589906,7.7,327662117,0,50.8,77.4
2023-10-19 01:10:13.604092,4.8,327662317,0,50.8,77.4
2023-10-19 01:10:14.629739,2.0,327662433,0,50.8,77.4
2023-10-19 01:10:15.653118,0.3,327662603,0,50.8,77.4
2023-10-19 01:10:16.670789,3.5,327662719,0,50.8,77.4
2023-10-19 01:10:17.686020,1.1,327662835,0,50.8,77.4
2023-10-19 01:10:18.703599,1.4,327662951,0,50.8,77.4
2023-10-19 01:10:19.714606,5.2,327663067,0,50.7,77.4
2023-10-19 01:10:20.736437,3.7,327663183,0,50.7,77.4
2023-10-19 01:10:21.753525,1.9,327663420,0,50.7,77.4
2023-10-19 01:10:22.769359,7.8,327663420,0,50.7,77.4
2023-10-19 01:10:23.780967,2.5,327663536,0,50.7,77.4
2023-10-19 01:10:24.794870,1.8,327663652,0,50.7,77.4
2023-10-19 01:10:25.815591,8.8,327663929,0,50.7,77.4
2023-10-19 01:10:26.832246,3.2,327664045,0,50.7,77.4
2023-10-19 01:10:27.850011,0.8,327664211,0,50.7,77.4
2023-10-19 01:10:28.868283,4.1,327664592,0,50.7,77.4
2023-10-19 01:10:29.878955,3.1,327664876,0,50.7,77.4
2023-10-19 01:10:30.895568,3.4,327665156,0,50.7,77.4
2023-10-19 01:10:31.915706,2.4,327665214,0,50.7,77.4
2023-10-19 01:10:32.938599,3.1,327665384,0,50.7,77.4
2023-10-19 01:10:33.952414,2.8,327665716,0,50.6,77.4
2023-10-19 01:10:34.979685,3.2,327666048,0,50.6,77.4
2023-10-19 01:10:35.997771,6.1,327666615,0,50.6,77.4
2023-10-19 01:10:37.020612,3.0,327666947,0,50.6,77.4
2023-10-19 01:10:38.038185,3.0,327667147,0,50.6,77.4
2023-10-19 01:10:39.060635,1.6,327667305,0,50.6,77.4
2023-10-19 01:10:40.075930,2.7,327667463,0,50.6,77.4
